<?xml version="1.0" encoding="UTF-8"?>
<!-- Generated by org.testng.reporters.JUnitReportReporter -->
<testsuite hostname="Surabhi" failures="0" tests="2" name="testscript.ManageNewsTest" time="28.010" errors="0" timestamp="2025-11-22T17:36:31 IST" skipped="0">
  <testcase classname="testscript.ManageNewsTest" name="verifyWhetherUserCanSearchNews" time="13.689"/>
  <testcase classname="testscript.ManageNewsTest" name="verifyWhetherUserCanAddNewNews" time="14.321"/>
</testsuite> <!-- testscript.ManageNewsTest -->
