<?xml version="1.0" encoding="UTF-8"?>
<!-- Generated by org.testng.reporters.JUnitReportReporter -->
<testsuite hostname="Surabhi" failures="0" tests="4" name="testscript.LoginTest" time="45.068" errors="0" timestamp="2025-11-22T17:36:31 IST" skipped="0">
  <testcase classname="testscript.LoginTest" name="verifyUserWithValidCredentials" time="13.662"/>
  <testcase classname="testscript.LoginTest" name="verifyUserWithInvalidUsernameAndValidPassword" time="7.700"/>
  <testcase classname="testscript.LoginTest" name="verifyUserWithValidUsernameAndInvalidPassword" time="11.424"/>
  <testcase classname="testscript.LoginTest" name="verifyUserWithInalidUsernameAndInvalidPassword" time="12.282"/>
</testsuite> <!-- testscript.LoginTest -->
