<?xml version="1.0" encoding="UTF-8"?>
<!-- Generated by org.testng.reporters.JUnitReportReporter -->
<testsuite hostname="Surabhi" failures="0" tests="2" name="testscript.LoginTest" time="6.270" errors="0" timestamp="2025-11-25T12:17:44 IST" skipped="0">
  <testcase classname="testscript.LoginTest" name="verifyUserWithInalidUsernameAndInvalidPassword" time="3.522"/>
  <testcase classname="testscript.LoginTest" name="verifyUserWithInalidUsernameAndInvalidPassword" time="2.748"/>
</testsuite> <!-- testscript.LoginTest -->
