<?xml version="1.0" encoding="UTF-8"?>
<!-- Generated by org.testng.reporters.JUnitXMLReporter -->
<testsuite ignored="2" hostname="Surabhi" failures="0" tests="1" name="Test" time="8.218" errors="0" timestamp="2025-11-26T07:31:34 IST">
  <testcase classname="testscript.AdminUserTest" name="verifyWhetherUserIsAbleToSearchNewlyAddedUsers" time="4.31"/>
  <testcase classname="testscript.AdminUserTest" name="verifyWhetherUserIsAbleToResetNewlyAddedUsers" time="0.0">
    <ignored/>
  </testcase> <!-- verifyWhetherUserIsAbleToResetNewlyAddedUsers -->
  <testcase classname="testscript.AdminUserTest" name="verifyWhetherUserIsAbleToAddNewUsers" time="0.0">
    <ignored/>
  </testcase> <!-- verifyWhetherUserIsAbleToAddNewUsers -->
</testsuite> <!-- Test -->
