<?xml version="1.0" encoding="UTF-8"?>
<testng-results ignored="0" total="1" passed="1" failed="0" skipped="0">
  <reporter-output>
  </reporter-output>
  <suite started-at="2025-11-26T07:31:26 IST" name="Suite" finished-at="2025-11-26T07:31:34 IST" duration-ms="8218">
    <groups>
    </groups>
    <test started-at="2025-11-26T07:31:26 IST" name="Test" finished-at="2025-11-26T07:31:34 IST" duration-ms="8218">
      <class name="testscript.AdminUserTest">
        <test-method is-config="true" signature="intializeBrowser(java.lang.String)[pri:0, instance:testscript.AdminUserTest@3aa078fd]" started-at="2025-11-26T07:31:26 IST" name="intializeBrowser" finished-at="2025-11-26T07:31:29 IST" duration-ms="3601" status="PASS">
          <params>
            <param index="0">
              <value>
                <![CDATA[chrome]]>
              </value>
            </param>
          </params>
          <reporter-output>
          </reporter-output>
        </test-method> <!-- intializeBrowser -->
        <test-method signature="verifyWhetherUserIsAbleToSearchNewlyAddedUsers()[pri:0, instance:testscript.AdminUserTest@3aa078fd]" started-at="2025-11-26T07:31:29 IST" name="verifyWhetherUserIsAbleToSearchNewlyAddedUsers" description="User can successfully search newly added users" finished-at="2025-11-26T07:31:34 IST" duration-ms="4310" status="PASS">
          <reporter-output>
          </reporter-output>
        </test-method> <!-- verifyWhetherUserIsAbleToSearchNewlyAddedUsers -->
        <test-method is-config="true" signature="driverQuit(org.testng.ITestResult)[pri:0, instance:testscript.AdminUserTest@3aa078fd]" started-at="2025-11-26T07:31:34 IST" name="driverQuit" finished-at="2025-11-26T07:31:34 IST" duration-ms="262" status="PASS">
          <params>
            <param index="0">
              <value>
                <![CDATA[[TestResult name=verifyWhetherUserIsAbleToSearchNewlyAddedUsers status=SUCCESS method=AdminUserTest.verifyWhetherUserIsAbleToSearchNewlyAddedUsers()[pri:0, instance:testscript.AdminUserTest@3aa078fd] output={null}]]]>
              </value>
            </param>
          </params>
          <reporter-output>
          </reporter-output>
        </test-method> <!-- driverQuit -->
      </class> <!-- testscript.AdminUserTest -->
    </test> <!-- Test -->
  </suite> <!-- Suite -->
</testng-results>
