<?xml version="1.0" encoding="UTF-8"?>
<!-- Generated by org.testng.reporters.JUnitXMLReporter -->
<testsuite ignored="3" hostname="Surabhi" failures="0" tests="1" name="Default test" time="4.685" errors="0" timestamp="2025-11-13T18:43:11 IST">
  <testcase classname="testscript.LoginTest" name="verifyUserWithValidCredentials" time="1.445"/>
  <testcase classname="testscript.LoginTest" name="verifyUserWithInvalidUsernameAndValidPassword" time="0.0">
    <ignored/>
  </testcase> <!-- verifyUserWithInvalidUsernameAndValidPassword -->
  <testcase classname="testscript.LoginTest" name="verifyUserWithInalidUsernameAndInvalidPassword" time="0.0">
    <ignored/>
  </testcase> <!-- verifyUserWithInalidUsernameAndInvalidPassword -->
  <testcase classname="testscript.LoginTest" name="verifyUserWithValidUsernameAndInvalidPassword" time="0.0">
    <ignored/>
  </testcase> <!-- verifyUserWithValidUsernameAndInvalidPassword -->
</testsuite> <!-- Default test -->
