<?xml version="1.0" encoding="UTF-8"?>
<!-- Generated by org.testng.reporters.JUnitXMLReporter -->
<testsuite ignored="3" hostname="Surabhi" failures="0" tests="1" name="Default test" time="3.706" errors="0" timestamp="2025-11-06T13:10:36 IST">
  <testcase classname="testscript.LoginTest" name="verifyUserWithInvalidUsernameAndValidPassword" time="1.42"/>
  <testcase classname="testscript.LoginTest" name="verifyUserWithValidUsernameAndInvalidPassword" time="0.0">
    <ignored/>
  </testcase> <!-- verifyUserWithValidUsernameAndInvalidPassword -->
  <testcase classname="testscript.LoginTest" name="verifyUserWithInalidUsernameAndInvalidPassword" time="0.0">
    <ignored/>
  </testcase> <!-- verifyUserWithInalidUsernameAndInvalidPassword -->
  <testcase classname="testscript.LoginTest" name="verifyUserWithValidCredentials" time="0.0">
    <ignored/>
  </testcase> <!-- verifyUserWithValidCredentials -->
</testsuite> <!-- Default test -->
