<?xml version="1.0" encoding="UTF-8"?>
<!-- Generated by org.testng.reporters.JUnitXMLReporter -->
<testsuite ignored="3" hostname="Surabhi" failures="0" tests="1" name="EdgeTest" time="0.199" errors="0" timestamp="2025-11-19T19:21:51 IST">
  <testcase classname="testscript.LoginTest" name="verifyUserWithValidCredentials" time="0.0">
    <skipped/>
  </testcase> <!-- verifyUserWithValidCredentials -->
  <testcase classname="testscript.LoginTest" name="verifyUserWithInvalidUsernameAndValidPassword" time="0.0">
    <ignored/>
  </testcase> <!-- verifyUserWithInvalidUsernameAndValidPassword -->
  <testcase classname="testscript.LoginTest" name="verifyUserWithValidUsernameAndInvalidPassword" time="0.0">
    <ignored/>
  </testcase> <!-- verifyUserWithValidUsernameAndInvalidPassword -->
  <testcase classname="testscript.LoginTest" name="verifyUserWithInalidUsernameAndInvalidPassword" time="0.0">
    <ignored/>
  </testcase> <!-- verifyUserWithInalidUsernameAndInvalidPassword -->
</testsuite> <!-- EdgeTest -->
