<?xml version="1.0" encoding="UTF-8"?>
<!-- Generated by org.testng.reporters.JUnitXMLReporter -->
<testsuite ignored="0" hostname="Surabhi" failures="0" tests="4" name="Test2" time="45.091" errors="0" timestamp="2025-11-22T17:36:31 IST">
  <testcase classname="testscript.LoginTest" name="verifyUserWithValidCredentials" time="2.443"/>
  <testcase classname="testscript.LoginTest" name="verifyUserWithInvalidUsernameAndValidPassword" time="0.674"/>
  <testcase classname="testscript.LoginTest" name="verifyUserWithValidUsernameAndInvalidPassword" time="0.475"/>
  <testcase classname="testscript.LoginTest" name="verifyUserWithInalidUsernameAndInvalidPassword" time="0.479"/>
</testsuite> <!-- Test2 -->
